
out_of_order:     file format elf64-x86-64


Disassembly of section .init:

0000000000001000 <_init>:
    1000:	f3 0f 1e fa          	endbr64 
    1004:	48 83 ec 08          	sub    $0x8,%rsp
    1008:	48 8b 05 e1 2f 00 00 	mov    0x2fe1(%rip),%rax        # 3ff0 <__gmon_start__@Base>
    100f:	48 85 c0             	test   %rax,%rax
    1012:	74 02                	je     1016 <_init+0x16>
    1014:	ff d0                	call   *%rax
    1016:	48 83 c4 08          	add    $0x8,%rsp
    101a:	c3                   	ret    

Disassembly of section .plt:

0000000000001020 <.plt>:
    1020:	ff 35 92 2f 00 00    	push   0x2f92(%rip)        # 3fb8 <_GLOBAL_OFFSET_TABLE_+0x8>
    1026:	f2 ff 25 93 2f 00 00 	bnd jmp *0x2f93(%rip)        # 3fc0 <_GLOBAL_OFFSET_TABLE_+0x10>
    102d:	0f 1f 00             	nopl   (%rax)
    1030:	f3 0f 1e fa          	endbr64 
    1034:	68 00 00 00 00       	push   $0x0
    1039:	f2 e9 e1 ff ff ff    	bnd jmp 1020 <_init+0x20>
    103f:	90                   	nop
    1040:	f3 0f 1e fa          	endbr64 
    1044:	68 01 00 00 00       	push   $0x1
    1049:	f2 e9 d1 ff ff ff    	bnd jmp 1020 <_init+0x20>
    104f:	90                   	nop

Disassembly of section .plt.got:

0000000000001050 <__cxa_finalize@plt>:
    1050:	f3 0f 1e fa          	endbr64 
    1054:	f2 ff 25 7d 2f 00 00 	bnd jmp *0x2f7d(%rip)        # 3fd8 <__cxa_finalize@GLIBC_2.2.5>
    105b:	0f 1f 44 00 00       	nopl   0x0(%rax,%rax,1)

Disassembly of section .plt.sec:

0000000000001060 <__printf_chk@plt>:
    1060:	f3 0f 1e fa          	endbr64 
    1064:	f2 ff 25 5d 2f 00 00 	bnd jmp *0x2f5d(%rip)        # 3fc8 <__printf_chk@GLIBC_2.3.4>
    106b:	0f 1f 44 00 00       	nopl   0x0(%rax,%rax,1)

0000000000001070 <_ZNSt6chrono3_V212system_clock3nowEv@plt>:
    1070:	f3 0f 1e fa          	endbr64 
    1074:	f2 ff 25 55 2f 00 00 	bnd jmp *0x2f55(%rip)        # 3fd0 <_ZNSt6chrono3_V212system_clock3nowEv@GLIBCXX_3.4.19>
    107b:	0f 1f 44 00 00       	nopl   0x0(%rax,%rax,1)

Disassembly of section .text:

0000000000001080 <main>:
    1080:	f3 0f 1e fa          	endbr64 
    1084:	41 55                	push   %r13
    1086:	41 54                	push   %r12
    1088:	55                   	push   %rbp
    1089:	53                   	push   %rbx
    108a:	48 83 ec 08          	sub    $0x8,%rsp
    108e:	e8 dd ff ff ff       	call   1070 <_ZNSt6chrono3_V212system_clock3nowEv@plt>
    1093:	49 89 c5             	mov    %rax,%r13
    1096:	e8 85 01 00 00       	call   1220 <_Z9dependentv>
    109b:	e8 d0 ff ff ff       	call   1070 <_ZNSt6chrono3_V212system_clock3nowEv@plt>
    10a0:	48 89 c3             	mov    %rax,%rbx
    10a3:	e8 c8 ff ff ff       	call   1070 <_ZNSt6chrono3_V212system_clock3nowEv@plt>
    10a8:	4c 29 eb             	sub    %r13,%rbx
    10ab:	48 89 c5             	mov    %rax,%rbp
    10ae:	e8 ad 01 00 00       	call   1260 <_Z11independentv>
    10b3:	e8 b8 ff ff ff       	call   1070 <_ZNSt6chrono3_V212system_clock3nowEv@plt>
    10b8:	48 89 d9             	mov    %rbx,%rcx
    10bb:	49 89 c4             	mov    %rax,%r12
    10be:	48 bb db 34 b6 d7 82 	movabs $0x431bde82d7b634db,%rbx
    10c5:	de 1b 43 
    10c8:	48 89 c8             	mov    %rcx,%rax
    10cb:	48 c1 f9 3f          	sar    $0x3f,%rcx
    10cf:	48 8d 35 2e 0f 00 00 	lea    0xf2e(%rip),%rsi        # 2004 <_IO_stdin_used+0x4>
    10d6:	48 f7 eb             	imul   %rbx
    10d9:	bf 01 00 00 00       	mov    $0x1,%edi
    10de:	31 c0                	xor    %eax,%eax
    10e0:	48 c1 fa 12          	sar    $0x12,%rdx
    10e4:	48 29 ca             	sub    %rcx,%rdx
    10e7:	e8 74 ff ff ff       	call   1060 <__printf_chk@plt>
    10ec:	4c 89 e1             	mov    %r12,%rcx
    10ef:	48 8d 35 24 0f 00 00 	lea    0xf24(%rip),%rsi        # 201a <_IO_stdin_used+0x1a>
    10f6:	bf 01 00 00 00       	mov    $0x1,%edi
    10fb:	48 29 e9             	sub    %rbp,%rcx
    10fe:	48 89 c8             	mov    %rcx,%rax
    1101:	48 c1 f9 3f          	sar    $0x3f,%rcx
    1105:	48 f7 eb             	imul   %rbx
    1108:	31 c0                	xor    %eax,%eax
    110a:	48 c1 fa 12          	sar    $0x12,%rdx
    110e:	48 29 ca             	sub    %rcx,%rdx
    1111:	e8 4a ff ff ff       	call   1060 <__printf_chk@plt>
    1116:	48 83 c4 08          	add    $0x8,%rsp
    111a:	31 c0                	xor    %eax,%eax
    111c:	5b                   	pop    %rbx
    111d:	5d                   	pop    %rbp
    111e:	41 5c                	pop    %r12
    1120:	41 5d                	pop    %r13
    1122:	c3                   	ret    
    1123:	66 2e 0f 1f 84 00 00 	cs nopw 0x0(%rax,%rax,1)
    112a:	00 00 00 
    112d:	0f 1f 00             	nopl   (%rax)

0000000000001130 <_start>:
    1130:	f3 0f 1e fa          	endbr64 
    1134:	31 ed                	xor    %ebp,%ebp
    1136:	49 89 d1             	mov    %rdx,%r9
    1139:	5e                   	pop    %rsi
    113a:	48 89 e2             	mov    %rsp,%rdx
    113d:	48 83 e4 f0          	and    $0xfffffffffffffff0,%rsp
    1141:	50                   	push   %rax
    1142:	54                   	push   %rsp
    1143:	45 31 c0             	xor    %r8d,%r8d
    1146:	31 c9                	xor    %ecx,%ecx
    1148:	48 8d 3d 31 ff ff ff 	lea    -0xcf(%rip),%rdi        # 1080 <main>
    114f:	ff 15 8b 2e 00 00    	call   *0x2e8b(%rip)        # 3fe0 <__libc_start_main@GLIBC_2.34>
    1155:	f4                   	hlt    
    1156:	66 2e 0f 1f 84 00 00 	cs nopw 0x0(%rax,%rax,1)
    115d:	00 00 00 

0000000000001160 <deregister_tm_clones>:
    1160:	48 8d 3d a9 2e 00 00 	lea    0x2ea9(%rip),%rdi        # 4010 <__TMC_END__>
    1167:	48 8d 05 a2 2e 00 00 	lea    0x2ea2(%rip),%rax        # 4010 <__TMC_END__>
    116e:	48 39 f8             	cmp    %rdi,%rax
    1171:	74 15                	je     1188 <deregister_tm_clones+0x28>
    1173:	48 8b 05 6e 2e 00 00 	mov    0x2e6e(%rip),%rax        # 3fe8 <_ITM_deregisterTMCloneTable@Base>
    117a:	48 85 c0             	test   %rax,%rax
    117d:	74 09                	je     1188 <deregister_tm_clones+0x28>
    117f:	ff e0                	jmp    *%rax
    1181:	0f 1f 80 00 00 00 00 	nopl   0x0(%rax)
    1188:	c3                   	ret    
    1189:	0f 1f 80 00 00 00 00 	nopl   0x0(%rax)

0000000000001190 <register_tm_clones>:
    1190:	48 8d 3d 79 2e 00 00 	lea    0x2e79(%rip),%rdi        # 4010 <__TMC_END__>
    1197:	48 8d 35 72 2e 00 00 	lea    0x2e72(%rip),%rsi        # 4010 <__TMC_END__>
    119e:	48 29 fe             	sub    %rdi,%rsi
    11a1:	48 89 f0             	mov    %rsi,%rax
    11a4:	48 c1 ee 3f          	shr    $0x3f,%rsi
    11a8:	48 c1 f8 03          	sar    $0x3,%rax
    11ac:	48 01 c6             	add    %rax,%rsi
    11af:	48 d1 fe             	sar    %rsi
    11b2:	74 14                	je     11c8 <register_tm_clones+0x38>
    11b4:	48 8b 05 3d 2e 00 00 	mov    0x2e3d(%rip),%rax        # 3ff8 <_ITM_registerTMCloneTable@Base>
    11bb:	48 85 c0             	test   %rax,%rax
    11be:	74 08                	je     11c8 <register_tm_clones+0x38>
    11c0:	ff e0                	jmp    *%rax
    11c2:	66 0f 1f 44 00 00    	nopw   0x0(%rax,%rax,1)
    11c8:	c3                   	ret    
    11c9:	0f 1f 80 00 00 00 00 	nopl   0x0(%rax)

00000000000011d0 <__do_global_dtors_aux>:
    11d0:	f3 0f 1e fa          	endbr64 
    11d4:	80 3d 35 2e 00 00 00 	cmpb   $0x0,0x2e35(%rip)        # 4010 <__TMC_END__>
    11db:	75 2b                	jne    1208 <__do_global_dtors_aux+0x38>
    11dd:	55                   	push   %rbp
    11de:	48 83 3d f2 2d 00 00 	cmpq   $0x0,0x2df2(%rip)        # 3fd8 <__cxa_finalize@GLIBC_2.2.5>
    11e5:	00 
    11e6:	48 89 e5             	mov    %rsp,%rbp
    11e9:	74 0c                	je     11f7 <__do_global_dtors_aux+0x27>
    11eb:	48 8b 3d 16 2e 00 00 	mov    0x2e16(%rip),%rdi        # 4008 <__dso_handle>
    11f2:	e8 59 fe ff ff       	call   1050 <__cxa_finalize@plt>
    11f7:	e8 64 ff ff ff       	call   1160 <deregister_tm_clones>
    11fc:	c6 05 0d 2e 00 00 01 	movb   $0x1,0x2e0d(%rip)        # 4010 <__TMC_END__>
    1203:	5d                   	pop    %rbp
    1204:	c3                   	ret    
    1205:	0f 1f 00             	nopl   (%rax)
    1208:	c3                   	ret    
    1209:	0f 1f 80 00 00 00 00 	nopl   0x0(%rax)

0000000000001210 <frame_dummy>:
    1210:	f3 0f 1e fa          	endbr64 
    1214:	e9 77 ff ff ff       	jmp    1190 <register_tm_clones>
    1219:	0f 1f 80 00 00 00 00 	nopl   0x0(%rax)

0000000000001220 <_Z9dependentv>:
    1220:	f3 0f 1e fa          	endbr64 
    1224:	48 c7 44 24 f8 00 00 	movq   $0x0,-0x8(%rsp)
    122b:	00 00 
    122d:	ba 00 c2 eb 0b       	mov    $0xbebc200,%edx
    1232:	66 66 2e 0f 1f 84 00 	data16 cs nopw 0x0(%rax,%rax,1)
    1239:	00 00 00 00 
    123d:	0f 1f 00             	nopl   (%rax)
    1240:	48 8b 44 24 f8       	mov    -0x8(%rsp),%rax
    1245:	48 ff c0             	inc    %rax
    1248:	ff ca                	dec    %edx
    124a:	48 89 44 24 f8       	mov    %rax,-0x8(%rsp)
    124f:	75 ef                	jne    1240 <_Z9dependentv+0x20>
    1251:	48 8b 44 24 f8       	mov    -0x8(%rsp),%rax
    1256:	48 89 05 bb 2d 00 00 	mov    %rax,0x2dbb(%rip)        # 4018 <sink>
    125d:	c3                   	ret    
    125e:	66 90                	xchg   %ax,%ax

0000000000001260 <_Z11independentv>:
    1260:	f3 0f 1e fa          	endbr64 
    1264:	48 c7 44 24 f0 00 00 	movq   $0x0,-0x10(%rsp)
    126b:	00 00 
    126d:	ba 00 c2 eb 0b       	mov    $0xbebc200,%edx
    1272:	48 c7 44 24 f8 00 00 	movq   $0x0,-0x8(%rsp)
    1279:	00 00 
    127b:	0f 1f 44 00 00       	nopl   0x0(%rax,%rax,1)
    1280:	48 8b 44 24 f0       	mov    -0x10(%rsp),%rax
    1285:	48 ff c0             	inc    %rax
    1288:	48 89 44 24 f0       	mov    %rax,-0x10(%rsp)
    128d:	48 8b 44 24 f8       	mov    -0x8(%rsp),%rax
    1292:	48 ff c0             	inc    %rax
    1295:	ff ca                	dec    %edx
    1297:	48 89 44 24 f8       	mov    %rax,-0x8(%rsp)
    129c:	75 e2                	jne    1280 <_Z11independentv+0x20>
    129e:	48 8b 44 24 f0       	mov    -0x10(%rsp),%rax
    12a3:	48 8b 54 24 f8       	mov    -0x8(%rsp),%rdx
    12a8:	48 01 d0             	add    %rdx,%rax
    12ab:	48 89 05 66 2d 00 00 	mov    %rax,0x2d66(%rip)        # 4018 <sink>
    12b2:	c3                   	ret    

Disassembly of section .fini:

00000000000012b4 <_fini>:
    12b4:	f3 0f 1e fa          	endbr64 
    12b8:	48 83 ec 08          	sub    $0x8,%rsp
    12bc:	48 83 c4 08          	add    $0x8,%rsp
    12c0:	c3                   	ret    
